<?xml version="1.0" encoding="UTF-8"?>
<testsuite name="it.uniba.app.ControllerTest" tests="25" skipped="0" failures="0" errors="0" timestamp="2022-06-13T13:26:29" hostname="DESKTOP-TUPIUME" time="0.097">
  <properties/>
  <testcase name="wordleTest()" classname="it.uniba.app.ControllerTest" time="0.019"/>
  <testcase name="abbandonaTest1()" classname="it.uniba.app.ControllerTest" time="0.004"/>
  <testcase name="abbandonaTest2()" classname="it.uniba.app.ControllerTest" time="0.002"/>
  <testcase name="abbandonaTest3()" classname="it.uniba.app.ControllerTest" time="0.002"/>
  <testcase name="tentativoTest1()" classname="it.uniba.app.ControllerTest" time="0.008"/>
  <testcase name="tentativoTest2()" classname="it.uniba.app.ControllerTest" time="0.005"/>
  <testcase name="tentativoTest3()" classname="it.uniba.app.ControllerTest" time="0.005"/>
  <testcase name="tentativoTest4()" classname="it.uniba.app.ControllerTest" time="0.002"/>
  <testcase name="tentativoTest5()" classname="it.uniba.app.ControllerTest" time="0.002"/>
  <testcase name="tentativoTest6()" classname="it.uniba.app.ControllerTest" time="0.001"/>
  <testcase name="tentativoTest7()" classname="it.uniba.app.ControllerTest" time="0.001"/>
  <testcase name="tentativoTest8()" classname="it.uniba.app.ControllerTest" time="0.002"/>
  <testcase name="nuovaTest1()" classname="it.uniba.app.ControllerTest" time="0.001"/>
  <testcase name="nuovaTest2()" classname="it.uniba.app.ControllerTest" time="0.001"/>
  <testcase name="nuovaTest3()" classname="it.uniba.app.ControllerTest" time="0.001"/>
  <testcase name="nuovaTest4()" classname="it.uniba.app.ControllerTest" time="0.001"/>
  <testcase name="nuovaTest5()" classname="it.uniba.app.ControllerTest" time="0.001"/>
  <testcase name="nuovaTest6()" classname="it.uniba.app.ControllerTest" time="0.001"/>
  <testcase name="getNumCaratteriTest()" classname="it.uniba.app.ControllerTest" time="0.001"/>
  <testcase name="tentativoTest51()" classname="it.uniba.app.ControllerTest" time="0.003"/>
  <testcase name="mostraTest1()" classname="it.uniba.app.ControllerTest" time="0.002"/>
  <testcase name="mostraTest2()" classname="it.uniba.app.ControllerTest" time="0.001"/>
  <testcase name="giocaTest1()" classname="it.uniba.app.ControllerTest" time="0.001"/>
  <testcase name="giocaTest2()" classname="it.uniba.app.ControllerTest" time="0.001"/>
  <testcase name="getMaxTentativiTest()" classname="it.uniba.app.ControllerTest" time="0.0"/>
  <system-out><![CDATA[]]></system-out>
  <system-err><![CDATA[]]></system-err>
</testsuite>
