<?xml version="1.0" encoding="UTF-8"?>
<testsuite name="it.uniba.app.ParoliereTest" tests="2" skipped="0" failures="0" errors="0" timestamp="2022-06-09T16:19:49" hostname="DESKTOP-HIRECKO" time="0.004">
  <properties/>
  <testcase name="setParolaSegretaTest()" classname="it.uniba.app.ParoliereTest" time="0.001"/>
  <testcase name="getParolaSegretaTest()" classname="it.uniba.app.ParoliereTest" time="0.001"/>
  <system-out><![CDATA[]]></system-out>
  <system-err><![CDATA[]]></system-err>
</testsuite>
