<?xml version="1.0" encoding="UTF-8"?>
<testsuite name="it.uniba.app.ControllerTest" tests="39" skipped="0" failures="0" errors="0" timestamp="2026-06-10T19:39:55" hostname="LAPTOP-8OC13EFR" time="0.107">
  <properties/>
  <testcase name="abbandonaTest1()" classname="it.uniba.app.ControllerTest" time="0.04"/>
  <testcase name="abbandonaTest2()" classname="it.uniba.app.ControllerTest" time="0.003"/>
  <testcase name="abbandonaTest3()" classname="it.uniba.app.ControllerTest" time="0.002"/>
  <testcase name="tentativoTest1()" classname="it.uniba.app.ControllerTest" time="0.003"/>
  <testcase name="tentativoTest2()" classname="it.uniba.app.ControllerTest" time="0.001"/>
  <testcase name="tentativoTest3()" classname="it.uniba.app.ControllerTest" time="0.002"/>
  <testcase name="tentativoTest4()" classname="it.uniba.app.ControllerTest" time="0.002"/>
  <testcase name="tentativoTest5()" classname="it.uniba.app.ControllerTest" time="0.003"/>
  <testcase name="tentativoTest6()" classname="it.uniba.app.ControllerTest" time="0.001"/>
  <testcase name="tentativoTest7()" classname="it.uniba.app.ControllerTest" time="0.002"/>
  <testcase name="tentativoTest8()" classname="it.uniba.app.ControllerTest" time="0.001"/>
  <testcase name="wordleTes1t()" classname="it.uniba.app.ControllerTest" time="0.002"/>
  <testcase name="wordleTest2()" classname="it.uniba.app.ControllerTest" time="0.001"/>
  <testcase name="wordleTest3()" classname="it.uniba.app.ControllerTest" time="0.002"/>
  <testcase name="wordleTest4()" classname="it.uniba.app.ControllerTest" time="0.001"/>
  <testcase name="wordleTest5()" classname="it.uniba.app.ControllerTest" time="0.001"/>
  <testcase name="wordleTest6()" classname="it.uniba.app.ControllerTest" time="0.001"/>
  <testcase name="wordleTest7()" classname="it.uniba.app.ControllerTest" time="0.001"/>
  <testcase name="wordleTest8()" classname="it.uniba.app.ControllerTest" time="0.001"/>
  <testcase name="wordleTest9()" classname="it.uniba.app.ControllerTest" time="0.0"/>
  <testcase name="nuovaTest1()" classname="it.uniba.app.ControllerTest" time="0.001"/>
  <testcase name="nuovaTest2()" classname="it.uniba.app.ControllerTest" time="0.001"/>
  <testcase name="nuovaTest3()" classname="it.uniba.app.ControllerTest" time="0.001"/>
  <testcase name="nuovaTest4()" classname="it.uniba.app.ControllerTest" time="0.001"/>
  <testcase name="nuovaTest5()" classname="it.uniba.app.ControllerTest" time="0.001"/>
  <testcase name="nuovaTest6()" classname="it.uniba.app.ControllerTest" time="0.001"/>
  <testcase name="getNumCaratteriTest()" classname="it.uniba.app.ControllerTest" time="0.001"/>
  <testcase name="wordleTest10()" classname="it.uniba.app.ControllerTest" time="0.0"/>
  <testcase name="wordleTest11()" classname="it.uniba.app.ControllerTest" time="0.001"/>
  <testcase name="wordleTest12()" classname="it.uniba.app.ControllerTest" time="0.001"/>
  <testcase name="tentativoTest51()" classname="it.uniba.app.ControllerTest" time="0.002"/>
  <testcase name="mostraTest1()" classname="it.uniba.app.ControllerTest" time="0.0"/>
  <testcase name="mostraTest2()" classname="it.uniba.app.ControllerTest" time="0.0"/>
  <testcase name="giocaTest1()" classname="it.uniba.app.ControllerTest" time="0.0"/>
  <testcase name="giocaTest2()" classname="it.uniba.app.ControllerTest" time="0.0"/>
  <testcase name="giocaTest3()" classname="it.uniba.app.ControllerTest" time="0.0"/>
  <testcase name="giocaTest4()" classname="it.uniba.app.ControllerTest" time="0.0"/>
  <testcase name="getMaxTentativiTest()" classname="it.uniba.app.ControllerTest" time="0.0"/>
  <testcase name="esciTest()" classname="it.uniba.app.ControllerTest" time="0.001"/>
  <system-out><![CDATA[]]></system-out>
  <system-err><![CDATA[]]></system-err>
</testsuite>
